<?xml version="1.0" encoding="UTF-8"?>
<!-- Generated by org.testng.reporters.JUnitXMLReporter -->
<testsuite hostname="DESKTOP-S1OI3QD" name="Verify LegalZoomSignInTest" tests="1" failures="1" timestamp="14 May 2020 11:06:38 GMT" time="15.134" errors="0">
  <testcase name="verifysignin" time="11.691" classname="com.legalzoom.hometest.LegalZoomSignInTest">
    <failure type="java.lang.AssertionError" message="User Login Successful expected [Welcome, Nisha] but found [Welcome,]">
      <![CDATA[java.lang.AssertionError: User Login Successful expected [Welcome, Nisha] but found [Welcome,]
	at com.legalzoom.hometest.LegalZoomSignInTest.verifysignin(LegalZoomSignInTest.java:38)
	at org.apache.maven.surefire.testng.TestNGExecutor.run(TestNGExecutor.java:283)
	at org.apache.maven.surefire.testng.TestNGXmlTestSuite.execute(TestNGXmlTestSuite.java:75)
	at org.apache.maven.surefire.testng.TestNGProvider.invoke(TestNGProvider.java:120)
	at org.apache.maven.surefire.booter.ForkedBooter.runSuitesInProcess(ForkedBooter.java:377)
	at org.apache.maven.surefire.booter.ForkedBooter.execute(ForkedBooter.java:138)
	at org.apache.maven.surefire.booter.ForkedBooter.run(ForkedBooter.java:465)
	at org.apache.maven.surefire.booter.ForkedBooter.main(ForkedBooter.java:451)
... Removed 25 stack frames]]>
    </failure>
  </testcase> <!-- verifysignin -->
</testsuite> <!-- Verify LegalZoomSignInTest -->
